#
# There is insufficient memory for the Java Runtime Environment to continue.
# Native memory allocation (malloc) failed to allocate 1076416 bytes for Chunk::new
# Possible reasons:
#   The system is out of physical RAM or swap space
#   The process is running with CompressedOops enabled, and the Java Heap may be blocking the growth of the native heap
# Possible solutions:
#   Reduce memory load on the system
#   Increase physical memory or swap space
#   Check if swap backing store is full
#   Decrease Java heap size (-Xmx/-Xms)
#   Decrease number of Java threads
#   Decrease Java thread stack sizes (-Xss)
#   Set larger code cache with -XX:ReservedCodeCacheSize=
#   JVM is running with Unscaled Compressed Oops mode in which the Java heap is
#     placed in the first 4GB address space. The Java Heap base address is the
#     maximum limit for the native heap growth. Please use -XX:HeapBaseMinAddress
#     to set the Java Heap base and to place the Java Heap above 4GB virtual address.
# This output file may be truncated or incomplete.
#
#  Out of Memory Error (allocation.cpp:389), pid=3780, tid=0x0000000000001958
#
# JRE version: OpenJDK Runtime Environment (8.0_242-b01) (build 1.8.0_242-release-1644-b01)
# Java VM: OpenJDK 64-Bit Server VM (25.242-b01 mixed mode windows-amd64 compressed oops)
# Failed to write core dump. Minidumps are not enabled by default on client versions of Windows
#

---------------  T H R E A D  ---------------

Current thread (0x0000000017924000):  JavaThread "C2 CompilerThread0" daemon [_thread_in_native, id=6488, stack(0x0000000019050000,0x0000000019150000)]

Stack: [0x0000000019050000,0x0000000019150000]
[error occurred during error reporting (printing stack bounds), id 0xc0000005]

Native frames: (J=compiled Java code, j=interpreted, Vv=VM code, C=native code)


Current CompileTask:
C2:1689178 27128 %     4       com.android.tools.r8.ir.optimize.l::a @ 336 (661 bytes)


---------------  P R O C E S S  ---------------

Java Threads: ( => current thread )
  0x0000000023df4800 JavaThread "WorkerExecutor Queue Thread 7" [_thread_blocked, id=5024, stack(0x000000002ff60000,0x0000000030060000)]
  0x000000001dff5000 JavaThread "Cache worker for Java compile cache (C:\Users\AHMD\AndroidStudioProjects\nutritioncoach\.gradle\6.1.1\javaCompile)" [_thread_blocked, id=5296, stack(0x000000002fc60000,0x000000002fd60000)]
  0x000000001dff2800 JavaThread "Cache worker for Java compile cache (C:\Users\AHMD\.gradle\caches\6.1.1\javaCompile)" [_thread_blocked, id=5936, stack(0x000000002a710000,0x000000002a810000)]
  0x000000001dff4000 JavaThread "RMI TCP Connection(idle)" daemon [_thread_blocked, id=7048, stack(0x0000000029d10000,0x0000000029e10000)]
  0x000000001dff5800 JavaThread "RMI TCP Connection(idle)" daemon [_thread_blocked, id=5188, stack(0x0000000029710000,0x0000000029810000)]
  0x000000001dff3800 JavaThread "RMI RenewClean-[127.0.0.1:17828,org.jetbrains.kotlin.daemon.common.LoopbackNetworkInterface$ClientLoopbackSocketFactory@651d33c7]" daemon [_thread_blocked, id=3560, stack(0x0000000029410000,0x0000000029510000)]
  0x000000001dfef000 JavaThread "RMI RenewClean-[127.0.0.1:17780,org.jetbrains.kotlin.daemon.common.LoopbackNetworkInterface$ClientLoopbackSocketFactory@e17a02c]" daemon [_thread_blocked, id=4780, stack(0x000000001d420000,0x000000001d520000)]
  0x000000001dfe7800 JavaThread "RMI Reaper" [_thread_blocked, id=6132, stack(0x000000002ac10000,0x000000002ad10000)]
  0x000000001dfe9000 JavaThread "RMI TCP Accept-0" daemon [_thread_in_native, id=4032, stack(0x000000002ab10000,0x000000002ac10000)]
  0x0000000023df6000 JavaThread "GC Daemon" daemon [_thread_blocked, id=3228, stack(0x000000002a810000,0x000000002a910000)]
  0x000000001b9e1800 JavaThread "RMI Scheduler(0)" daemon [_thread_blocked, id=3680, stack(0x0000000029810000,0x0000000029910000)]
  0x000000001b9df000 JavaThread "WorkerExecutor Queue Thread 5" [_thread_in_native, id=6344, stack(0x0000000029e10000,0x0000000029f10000)]
  0x0000000027174000 JavaThread "Cache worker for execution history cache (C:\Users\AHMD\AndroidStudioProjects\nutritioncoach\.gradle\6.1.1\executionHistory)" [_thread_blocked, id=5864, stack(0x0000000029110000,0x0000000029210000)]
  0x0000000027173000 JavaThread "Execution worker for ':' Thread 3" [_thread_in_native, id=4488, stack(0x0000000029010000,0x0000000029110000)]
  0x000000002716f800 JavaThread "Execution worker for ':' Thread 2" [_thread_in_Java, id=5348, stack(0x0000000028f10000,0x0000000029010000)]
  0x0000000027172800 JavaThread "Execution worker for ':'" [_thread_blocked, id=4368, stack(0x0000000028e10000,0x0000000028f10000)]
  0x0000000027170000 JavaThread "Cache worker for file content cache (C:\Users\AHMD\AndroidStudioProjects\nutritioncoach\.gradle\6.1.1\fileContent)" [_thread_blocked, id=6784, stack(0x00000000256b0000,0x00000000257b0000)]
  0x0000000021fea800 JavaThread "Cache worker for Build Output Cleanup Cache (C:\Users\AHMD\AndroidStudioProjects\nutritioncoach\.gradle\buildOutputCleanup)" [_thread_blocked, id=6184, stack(0x0000000025060000,0x0000000025160000)]
  0x0000000021fea000 JavaThread "Build operations Thread 4" [_thread_blocked, id=1592, stack(0x0000000023330000,0x0000000023430000)]
  0x0000000021fe6000 JavaThread "Build operations Thread 3" [_thread_blocked, id=7108, stack(0x0000000022b00000,0x0000000022c00000)]
  0x0000000021fe8800 JavaThread "Build operations Thread 2" [_thread_blocked, id=4420, stack(0x0000000022a00000,0x0000000022b00000)]
  0x0000000021fe7800 JavaThread "Build operations" [_thread_blocked, id=5312, stack(0x0000000022900000,0x0000000022a00000)]
  0x0000000021fe7000 JavaThread "Cache worker for cache directory md-rule (C:\Users\AHMD\.gradle\caches\6.1.1\md-rule)" [_thread_blocked, id=6460, stack(0x0000000022800000,0x0000000022900000)]
  0x0000000021fe9000 JavaThread "Cache worker for cache directory md-supplier (C:\Users\AHMD\.gradle\caches\6.1.1\md-supplier)" [_thread_blocked, id=6980, stack(0x00000000214b0000,0x00000000215b0000)]
  0x0000000021fe1000 JavaThread "Cache worker for file hash cache (C:\Users\AHMD\AndroidStudioProjects\nutritioncoach\.gradle\6.1.1\fileHashes)" [_thread_blocked, id=6572, stack(0x0000000020640000,0x0000000020740000)]
  0x0000000021fe4000 JavaThread "Cache worker for checksums cache (C:\Users\AHMD\AndroidStudioProjects\nutritioncoach\.gradle\checksums)" [_thread_blocked, id=96, stack(0x0000000020240000,0x0000000020340000)]
  0x0000000021fe0000 JavaThread "Thread-59" [_thread_blocked, id=5988, stack(0x000000001d520000,0x000000001d620000)]
  0x0000000021fdf800 JavaThread "Asynchronous log dispatcher for DefaultDaemonConnection: socket connection from /127.0.0.1:59274 to /127.0.0.1:59380" [_thread_blocked, id=3952, stack(0x000000001d320000,0x000000001d420000)]
  0x0000000021fe2800 JavaThread "Daemon worker Thread 3" [_thread_in_native, id=6936, stack(0x000000001d220000,0x000000001d320000)]
  0x0000000021fde800 JavaThread "Cancel handler" [_thread_blocked, id=3552, stack(0x000000001d120000,0x000000001d220000)]
  0x0000000021fe1800 JavaThread "Handler for socket connection from /127.0.0.1:59274 to /127.0.0.1:59380" [_thread_in_native, id=6412, stack(0x000000001ce20000,0x000000001cf20000)]
  0x0000000021fdc800 JavaThread "Daemon Thread 3" [_thread_blocked, id=6048, stack(0x000000001cd20000,0x000000001ce20000)]
  0x0000000027171800 JavaThread "Cache worker for file content cache (C:\Users\AHMD\.gradle\caches\6.1.1\fileContent)" [_thread_blocked, id=5676, stack(0x00000000255b0000,0x00000000256b0000)]
  0x0000000019f37800 JavaThread "Memory manager" [_thread_blocked, id=7088, stack(0x0000000022e00000,0x0000000022f00000)]
  0x000000001b9dd000 JavaThread "Cache worker for execution history cache (C:\Users\AHMD\.gradle\caches\6.1.1\executionHistory)" [_thread_blocked, id=6672, stack(0x0000000020740000,0x0000000020840000)]
  0x000000001b9db800 JavaThread "Cache worker for file hash cache (C:\Users\AHMD\.gradle\caches\6.1.1\fileHashes)" [_thread_blocked, id=4976, stack(0x000000001da20000,0x000000001db20000)]
  0x000000001b9de800 JavaThread "File lock request listener" [_thread_in_native, id=3252, stack(0x000000001d920000,0x000000001da20000)]
  0x000000001b9d6000 JavaThread "Cache worker for journal cache (C:\Users\AHMD\.gradle\caches\journal-1)" [_thread_blocked, id=2076, stack(0x000000001d820000,0x000000001d920000)]
  0x000000001b6dc800 JavaThread "Daemon periodic checks" [_thread_blocked, id=364, stack(0x000000001cc20000,0x000000001cd20000)]
  0x000000001b6b1000 JavaThread "Incoming local TCP Connector on port 59274" [_thread_in_native, id=2080, stack(0x0000000019a50000,0x0000000019b50000)]
  0x000000001b5a1800 JavaThread "Daemon health stats" [_thread_blocked, id=5328, stack(0x0000000019950000,0x0000000019a50000)]
  0x0000000019380800 JavaThread "Service Thread" daemon [_thread_blocked, id=2420, stack(0x0000000019750000,0x0000000019850000)]
  0x000000001793a000 JavaThread "C1 CompilerThread2" daemon [_thread_blocked, id=2052, stack(0x0000000019250000,0x0000000019350000)]
  0x0000000017934000 JavaThread "C2 CompilerThread1" daemon [_thread_in_native, id=5548, stack(0x0000000019150000,0x0000000019250000)]
=>0x0000000017924000 JavaThread "C2 CompilerThread0" daemon [_thread_in_native, id=6488, stack(0x0000000019050000,0x0000000019150000)]
  0x0000000017922800 JavaThread "Attach Listener" daemon [_thread_blocked, id=6368, stack(0x0000000018f50000,0x0000000019050000)]
  0x0000000017921000 JavaThread "Signal Dispatcher" daemon [_thread_blocked, id=2324, stack(0x0000000018e50000,0x0000000018f50000)]
  0x0000000002cfb000 JavaThread "Finalizer" daemon [_thread_blocked, id=4704, stack(0x0000000018b90000,0x0000000018c90000)]
  0x0000000017909000 JavaThread "Reference Handler" daemon [_thread_blocked, id=6860, stack(0x0000000018a90000,0x0000000018b90000)]
  0x0000000002afd800 JavaThread "main" [_thread_blocked, id=4608, stack(0x0000000002b00000,0x0000000002c00000)]

Other Threads:
  0x00000000178e6000 VMThread [stack: 0x0000000018990000,0x0000000018a90000] [id=3764]
  0x000000001797b800 WatcherThread [stack: 0x0000000019850000,0x0000000019950000] [id=3944]

VM state:not at safepoint (normal execution)

VM Mutex/Monitor currently owned by a thread: None

OutOfMemory and StackOverflow Exception counts:
OutOfMemoryError java_heap_errors=1

heap address: 0x0000000080000000, size: 2048 MB, Compressed Oops mode: 32-bit
Narrow klass base: 0x0000000000000000, Narrow klass shift: 3
Compressed class space size: 1073741824 Address: 0x0000000100000000

Heap:
 PSYoungGen      total 621568K, used 246932K [0x00000000d5580000, 0x00000000fff80000, 0x0000000100000000)
  eden space 555008K, 43% used [0x00000000d5580000,0x00000000e42e5030,0x00000000f7380000)
  from space 66560K, 5% used [0x00000000f7380000,0x00000000f7740000,0x00000000fb480000)
  to   space 65024K, 0% used [0x00000000fc000000,0x00000000fc000000,0x00000000fff80000)
 ParOldGen       total 321536K, used 232426K [0x0000000080000000, 0x0000000093a00000, 0x00000000d5580000)
  object space 321536K, 72% used [0x0000000080000000,0x000000008e2faad8,0x0000000093a00000)
 Metaspace       used 127064K, capacity 132980K, committed 133288K, reserved 1165312K
  class space    used 16043K, capacity 17232K, committed 17320K, reserved 1048576K

Card table byte_map: [0x00000000120c0000,0x00000000124d0000] byte_map_base: 0x0000000011cc0000

Marking Bits: (ParMarkBitMap*) 0x00000000582df030
 Begin Bits: [0x0000000012b80000, 0x0000000014b80000)
 End Bits:   [0x0000000014b80000, 0x0000000016b80000)

Polling page: 0x00000000014c0000

CodeCache: size=245760Kb used=75871Kb max_used=76935Kb free=169888Kb
 bounds [0x0000000002d00000, 0x0000000007880000, 0x0000000011d00000]
 total_blobs=22333 nmethods=21345 adapters=898
 compilation: enabled

Compilation events (10 events):
Event: 1688.722 Thread 0x000000001793a000 27292       2       java.util.WeakHashMap$EntryIterator::next (5 bytes)
Event: 1688.722 Thread 0x000000001793a000 nmethod 27292 0x000000000682fdd0 code [0x000000000682ff40, 0x00000000068300a8]
Event: 1688.722 Thread 0x000000001793a000 27294       2       java.util.WeakHashMap::unmaskNull (13 bytes)
Event: 1688.722 Thread 0x000000001793a000 nmethod 27294 0x000000000682fad0 code [0x000000000682fc20, 0x000000000682fd70]
Event: 1688.722 Thread 0x000000001793a000 27295       2       java.util.WeakHashMap$Entry::getKey (8 bytes)
Event: 1688.722 Thread 0x000000001793a000 nmethod 27295 0x000000000682f710 code [0x000000000682f860, 0x000000000682f9d0]
Event: 1688.723 Thread 0x000000001793a000 27293       2       java.util.WeakHashMap$EntryIterator::next (5 bytes)
Event: 1688.723 Thread 0x000000001793a000 nmethod 27293 0x0000000005715210 code [0x0000000005715380, 0x00000000057154e8]
Event: 1688.726 Thread 0x000000001793a000 27296       3       sun.nio.fs.WindowsPathParser::normalize (233 bytes)
Event: 1688.732 Thread 0x000000001793a000 nmethod 27296 0x00000000068d3b90 code [0x00000000068d4140, 0x00000000068d8108]

GC Heap History (10 events):
Event: 1580.139 GC heap before
{Heap before GC invocations=53 (full 6):
 PSYoungGen      total 588800K, used 514272K [0x00000000d5580000, 0x00000000fe500000, 0x0000000100000000)
  eden space 509440K, 100% used [0x00000000d5580000,0x00000000f4700000,0x00000000f4700000)
  from space 79360K, 6% used [0x00000000f9780000,0x00000000f9c38028,0x00000000fe500000)
  to   space 80896K, 0% used [0x00000000f4700000,0x00000000f4700000,0x00000000f9600000)
 ParOldGen       total 321536K, used 186113K [0x0000000080000000, 0x0000000093a00000, 0x00000000d5580000)
  object space 321536K, 57% used [0x0000000080000000,0x000000008b5c06b0,0x0000000093a00000)
 Metaspace       used 124129K, capacity 129730K, committed 130472K, reserved 1163264K
  class space    used 15725K, capacity 16905K, committed 17064K, reserved 1048576K
Event: 1580.165 GC heap after
Heap after GC invocations=53 (full 6):
 PSYoungGen      total 590336K, used 3496K [0x00000000d5580000, 0x00000000ffd80000, 0x0000000100000000)
  eden space 509440K, 0% used [0x00000000d5580000,0x00000000d5580000,0x00000000f4700000)
  from space 80896K, 4% used [0x00000000f4700000,0x00000000f4a6a360,0x00000000f9600000)
  to   space 78848K, 0% used [0x00000000fb080000,0x00000000fb080000,0x00000000ffd80000)
 ParOldGen       total 321536K, used 190097K [0x0000000080000000, 0x0000000093a00000, 0x00000000d5580000)
  object space 321536K, 59% used [0x0000000080000000,0x000000008b9a4698,0x0000000093a00000)
 Metaspace       used 124129K, capacity 129730K, committed 130472K, reserved 1163264K
  class space    used 15725K, capacity 16905K, committed 17064K, reserved 1048576K
}
Event: 1582.991 GC heap before
{Heap before GC invocations=54 (full 6):
 PSYoungGen      total 590336K, used 512936K [0x00000000d5580000, 0x00000000ffd80000, 0x0000000100000000)
  eden space 509440K, 100% used [0x00000000d5580000,0x00000000f4700000,0x00000000f4700000)
  from space 80896K, 4% used [0x00000000f4700000,0x00000000f4a6a360,0x00000000f9600000)
  to   space 78848K, 0% used [0x00000000fb080000,0x00000000fb080000,0x00000000ffd80000)
 ParOldGen       total 321536K, used 190097K [0x0000000080000000, 0x0000000093a00000, 0x00000000d5580000)
  object space 321536K, 59% used [0x0000000080000000,0x000000008b9a4698,0x0000000093a00000)
 Metaspace       used 124332K, capacity 130042K, committed 130856K, reserved 1163264K
  class space    used 15741K, capacity 16941K, committed 17192K, reserved 1048576K
Event: 1583.079 GC heap after
Heap after GC invocations=54 (full 6):
 PSYoungGen      total 609280K, used 18631K [0x00000000d5580000, 0x00000000ff500000, 0x0000000100000000)
  eden space 539136K, 0% used [0x00000000d5580000,0x00000000d5580000,0x00000000f6400000)
  from space 70144K, 26% used [0x00000000fb080000,0x00000000fc2b1f70,0x00000000ff500000)
  to   space 74240K, 0% used [0x00000000f6400000,0x00000000f6400000,0x00000000fac80000)
 ParOldGen       total 321536K, used 192011K [0x0000000080000000, 0x0000000093a00000, 0x00000000d5580000)
  object space 321536K, 59% used [0x0000000080000000,0x000000008bb82f28,0x0000000093a00000)
 Metaspace       used 124332K, capacity 130042K, committed 130856K, reserved 1163264K
  class space    used 15741K, capacity 16941K, committed 17192K, reserved 1048576K
}
Event: 1586.329 GC heap before
{Heap before GC invocations=55 (full 6):
 PSYoungGen      total 609280K, used 557767K [0x00000000d5580000, 0x00000000ff500000, 0x0000000100000000)
  eden space 539136K, 100% used [0x00000000d5580000,0x00000000f6400000,0x00000000f6400000)
  from space 70144K, 26% used [0x00000000fb080000,0x00000000fc2b1f70,0x00000000ff500000)
  to   space 74240K, 0% used [0x00000000f6400000,0x00000000f6400000,0x00000000fac80000)
 ParOldGen       total 321536K, used 192011K [0x0000000080000000, 0x0000000093a00000, 0x00000000d5580000)
  object space 321536K, 59% used [0x0000000080000000,0x000000008bb82f28,0x0000000093a00000)
 Metaspace       used 124673K, capacity 130366K, committed 131112K, reserved 1163264K
  class space    used 15758K, capacity 16941K, committed 17192K, reserved 1048576K
Event: 1586.430 GC heap after
Heap after GC invocations=55 (full 6):
 PSYoungGen      total 613376K, used 17541K [0x00000000d5580000, 0x00000000ffb00000, 0x0000000100000000)
  eden space 539136K, 0% used [0x00000000d5580000,0x00000000d5580000,0x00000000f6400000)
  from space 74240K, 23% used [0x00000000f6400000,0x00000000f75217b0,0x00000000fac80000)
  to   space 69632K, 0% used [0x00000000fb700000,0x00000000fb700000,0x00000000ffb00000)
 ParOldGen       total 321536K, used 206141K [0x0000000080000000, 0x0000000093a00000, 0x00000000d5580000)
  object space 321536K, 64% used [0x0000000080000000,0x000000008c94f5e0,0x0000000093a00000)
 Metaspace       used 124673K, capacity 130366K, committed 131112K, reserved 1163264K
  class space    used 15758K, capacity 16941K, committed 17192K, reserved 1048576K
}
Event: 1589.519 GC heap before
{Heap before GC invocations=56 (full 6):
 PSYoungGen      total 613376K, used 556677K [0x00000000d5580000, 0x00000000ffb00000, 0x0000000100000000)
  eden space 539136K, 100% used [0x00000000d5580000,0x00000000f6400000,0x00000000f6400000)
  from space 74240K, 23% used [0x00000000f6400000,0x00000000f75217b0,0x00000000fac80000)
  to   space 69632K, 0% used [0x00000000fb700000,0x00000000fb700000,0x00000000ffb00000)
 ParOldGen       total 321536K, used 206141K [0x0000000080000000, 0x0000000093a00000, 0x00000000d5580000)
  object space 321536K, 64% used [0x0000000080000000,0x000000008c94f5e0,0x0000000093a00000)
 Metaspace       used 124786K, capacity 130574K, committed 131368K, reserved 1163264K
  class space    used 15773K, capacity 16955K, committed 17192K, reserved 1048576K
Event: 1589.621 GC heap after
Heap after GC invocations=56 (full 6):
 PSYoungGen      total 619008K, used 12601K [0x00000000d5580000, 0x00000000ff580000, 0x0000000100000000)
  eden space 555008K, 0% used [0x00000000d5580000,0x00000000d5580000,0x00000000f7380000)
  from space 64000K, 19% used [0x00000000fb700000,0x00000000fc34e4d8,0x00000000ff580000)
  to   space 66560K, 0% used [0x00000000f7380000,0x00000000f7380000,0x00000000fb480000)
 ParOldGen       total 321536K, used 222530K [0x0000000080000000, 0x0000000093a00000, 0x00000000d5580000)
  object space 321536K, 69% used [0x0000000080000000,0x000000008d950858,0x0000000093a00000)
 Metaspace       used 124786K, capacity 130574K, committed 131368K, reserved 1163264K
  class space    used 15773K, capacity 16955K, committed 17192K, reserved 1048576K
}
Event: 1592.374 GC heap before
{Heap before GC invocations=57 (full 6):
 PSYoungGen      total 619008K, used 567609K [0x00000000d5580000, 0x00000000ff580000, 0x0000000100000000)
  eden space 555008K, 100% used [0x00000000d5580000,0x00000000f7380000,0x00000000f7380000)
  from space 64000K, 19% used [0x00000000fb700000,0x00000000fc34e4d8,0x00000000ff580000)
  to   space 66560K, 0% used [0x00000000f7380000,0x00000000f7380000,0x00000000fb480000)
 ParOldGen       total 321536K, used 222530K [0x0000000080000000, 0x0000000093a00000, 0x00000000d5580000)
  object space 321536K, 69% used [0x0000000080000000,0x000000008d950858,0x0000000093a00000)
 Metaspace       used 124795K, capacity 130574K, committed 131368K, reserved 1163264K
  class space    used 15773K, capacity 16955K, committed 17192K, reserved 1048576K
Event: 1592.434 GC heap after
Heap after GC invocations=57 (full 6):
 PSYoungGen      total 621568K, used 3840K [0x00000000d5580000, 0x00000000fff80000, 0x0000000100000000)
  eden space 555008K, 0% used [0x00000000d5580000,0x00000000d5580000,0x00000000f7380000)
  from space 66560K, 5% used [0x00000000f7380000,0x00000000f7740000,0x00000000fb480000)
  to   space 65024K, 0% used [0x00000000fc000000,0x00000000fc000000,0x00000000fff80000)
 ParOldGen       total 321536K, used 232426K [0x0000000080000000, 0x0000000093a00000, 0x00000000d5580000)
  object space 321536K, 72% used [0x0000000080000000,0x000000008e2faad8,0x0000000093a00000)
 Metaspace       used 124795K, capacity 130574K, committed 131368K, reserved 1163264K
  class space    used 15773K, capacity 16955K, committed 17192K, reserved 1048576K
}

Deoptimization events (10 events):
Event: 1688.167 Thread 0x000000002716f800 Uncommon trap: reason=speculate_class_check action=maybe_recompile pc=0x00000000076a661c method=com.android.tools.r8.ir.optimize.l.a(Lcom/android/tools/r8/u/b/W;Lcom/android/tools/r8/u/b/n;Lcom/android/tools/r8/s/a/a/a/V;Ljava/util/Map;Ljava/util/function
Event: 1688.169 Thread 0x000000002716f800 Uncommon trap: reason=speculate_class_check action=maybe_recompile pc=0x00000000076aabf0 method=com.android.tools.r8.ir.optimize.l.a(Lcom/android/tools/r8/u/b/W;Lcom/android/tools/r8/u/b/n;Lcom/android/tools/r8/s/a/a/a/V;Ljava/util/Map;Ljava/util/function
Event: 1688.170 Thread 0x000000002716f800 Uncommon trap: reason=speculate_class_check action=maybe_recompile pc=0x00000000076aabf0 method=com.android.tools.r8.ir.optimize.l.a(Lcom/android/tools/r8/u/b/W;Lcom/android/tools/r8/u/b/n;Lcom/android/tools/r8/s/a/a/a/V;Ljava/util/Map;Ljava/util/function
Event: 1688.293 Thread 0x0000000027173000 Uncommon trap: reason=speculate_class_check action=maybe_recompile pc=0x00000000076aabf0 method=com.android.tools.r8.ir.optimize.l.a(Lcom/android/tools/r8/u/b/W;Lcom/android/tools/r8/u/b/n;Lcom/android/tools/r8/s/a/a/a/V;Ljava/util/Map;Ljava/util/function
Event: 1688.420 Thread 0x0000000021fe2800 Uncommon trap: reason=null_check action=make_not_entrant pc=0x000000000772f7e8 method=com.android.tools.r8.ir.analysis.type.a.a(Lcom/android/tools/r8/ir/analysis/type/l;)Lcom/android/tools/r8/ir/analysis/type/o; @ 8
Event: 1688.507 Thread 0x000000001b9df000 Uncommon trap: reason=unstable_if action=reinterpret pc=0x0000000004b7c1a0 method=java.util.regex.Pattern$LastNode.match(Ljava/util/regex/Matcher;ILjava/lang/CharSequence;)Z @ 13
Event: 1688.512 Thread 0x000000001b9df000 Uncommon trap: reason=unstable_if action=reinterpret pc=0x0000000005c4c5e8 method=kotlin.comparisons.ComparisonsKt__ComparisonsKt.compareValues(Ljava/lang/Comparable;Ljava/lang/Comparable;)I @ 2
Event: 1688.605 Thread 0x000000001b9df000 Uncommon trap: reason=unstable_if action=reinterpret pc=0x0000000003935ec0 method=sun.nio.fs.WindowsPathParser.nextNonSlash(Ljava/lang/String;II)I @ 2
Event: 1688.720 Thread 0x0000000027173000 Uncommon trap: reason=bimorphic action=maybe_recompile pc=0x0000000006308b64 method=kotlin.io.CloseableKt.closeFinally(Ljava/io/Closeable;Ljava/lang/Throwable;)V @ 23
Event: 1688.725 Thread 0x0000000027173000 Uncommon trap: reason=bimorphic action=maybe_recompile pc=0x0000000006308b64 method=kotlin.io.CloseableKt.closeFinally(Ljava/io/Closeable;Ljava/lang/Throwable;)V @ 23

Classes redefined (0 events):
No events

Internal exceptions (10 events):
Event: 1688.309 Thread 0x0000000027173000 Exception <a 'sun/nio/fs/WindowsException'> (0x00000000e1095948) thrown at [C:\src\AOSP-openjdk-git\hotspot\src\share\vm\prims\jni.cpp, line 710]
Event: 1688.317 Thread 0x000000002716f800 Exception <a 'sun/nio/fs/WindowsException'> (0x00000000e16f1038) thrown at [C:\src\AOSP-openjdk-git\hotspot\src\share\vm\prims\jni.cpp, line 710]
Event: 1688.371 Thread 0x0000000021fe2800 Exception <a 'sun/nio/fs/WindowsException'> (0x00000000e13950b0) thrown at [C:\src\AOSP-openjdk-git\hotspot\src\share\vm\prims\jni.cpp, line 710]
Event: 1688.389 Thread 0x000000002716f800 Exception <a 'sun/nio/fs/WindowsException'> (0x00000000e17d6eb0) thrown at [C:\src\AOSP-openjdk-git\hotspot\src\share\vm\prims\jni.cpp, line 710]
Event: 1688.406 Thread 0x000000002716f800 Exception <a 'sun/nio/fs/WindowsException'> (0x00000000e1c46f68) thrown at [C:\src\AOSP-openjdk-git\hotspot\src\share\vm\prims\jni.cpp, line 710]
Event: 1688.420 Thread 0x0000000021fe2800 Implicit null exception at 0x000000000772ddbb to 0x000000000772f7dd
Event: 1688.557 Thread 0x000000001b9df000 Exception <a 'java/lang/NoSuchMethodError': java.lang.Object.newSystemTemporaryDirectory()Lcom/android/tools/build/apkzlib/bytestorage/TemporaryDirectory;> (0x00000000e28afbf0) thrown at [C:\src\AOSP-openjdk-git\hotspot\src\share\vm\interpreter\linkResolv
Event: 1688.567 Thread 0x0000000021fe2800 Exception <a 'sun/nio/fs/WindowsException'> (0x00000000e2a64a38) thrown at [C:\src\AOSP-openjdk-git\hotspot\src\share\vm\prims\jni.cpp, line 710]
Event: 1688.693 Thread 0x000000002716f800 Exception <a 'sun/nio/fs/WindowsException'> (0x00000000e20614b0) thrown at [C:\src\AOSP-openjdk-git\hotspot\src\share\vm\prims\jni.cpp, line 710]
Event: 1688.720 Thread 0x0000000027173000 Exception <a 'java/lang/OutOfMemoryError'> (0x00000000e419df18) thrown at [C:\src\AOSP-openjdk-git\hotspot\src\share\vm\prims\jni.cpp, line 737]

Events (10 events):
Event: 1688.720 Thread 0x0000000027173000 DEOPT UNPACKING pc=0x0000000002d4557b sp=0x000000002910b970 mode 2
Event: 1688.720 loading class com/android/builder/files/ZipCentralDirectory$directoryBuffer$2
Event: 1688.720 loading class com/android/builder/files/ZipCentralDirectory$directoryBuffer$2 done
Event: 1688.725 Thread 0x0000000027173000 Uncommon trap: trap_request=0xffffffc6 fr.pc=0x0000000006308b64
Event: 1688.725 Thread 0x0000000027173000 DEOPT PACKING pc=0x0000000006308b64 sp=0x000000002910b9d0
Event: 1688.725 Thread 0x0000000027173000 DEOPT UNPACKING pc=0x0000000002d4557b sp=0x000000002910b970 mode 2
Event: 1688.750 loading class com/android/builder/files/ZipCentralDirectory$CdrInfo
Event: 1688.750 loading class com/android/builder/files/ZipCentralDirectory$CdrInfo done
Event: 1688.772 loading class com/android/builder/files/ZipCentralDirectoryKt
Event: 1688.772 loading class com/android/builder/files/ZipCentralDirectoryKt done


Dynamic libraries:
0x00007ff78a760000 - 0x00007ff78a791000 	C:\Program Files\Android\Android Studio1\jre\bin\java.exe
0x00007ffc62bb0000 - 0x00007ffc62d5a000 	C:\Windows\SYSTEM32\ntdll.dll
0x00007ffc62a60000 - 0x00007ffc62b9a000 	C:\Windows\system32\KERNEL32.DLL
0x00007ffc602d0000 - 0x00007ffc603df000 	C:\Windows\system32\KERNELBASE.dll
0x00007ffc61b80000 - 0x00007ffc61c25000 	C:\Windows\system32\ADVAPI32.dll
0x00007ffc62400000 - 0x00007ffc62571000 	C:\Windows\system32\USER32.dll
0x00007ffc5c950000 - 0x00007ffc5cbaa000 	C:\Windows\WinSxS\amd64_microsoft.windows.common-controls_6595b64144ccf1df_6.0.9600.17031_none_6242a4b3ecbb55a1\COMCTL32.dll
0x00007ffc62830000 - 0x00007ffc628d7000 	C:\Windows\system32\msvcrt.dll
0x00007ffc62950000 - 0x00007ffc629a7000 	C:\Windows\SYSTEM32\sechost.dll
0x00007ffc62200000 - 0x00007ffc62336000 	C:\Windows\system32\RPCRT4.dll
0x00007ffc60610000 - 0x00007ffc60755000 	C:\Windows\system32\GDI32.dll
0x00007ffc627f0000 - 0x00007ffc62824000 	C:\Windows\system32\IMM32.DLL
0x00007ffc61db0000 - 0x00007ffc61ee9000 	C:\Windows\system32\MSCTF.dll
0x0000000057a30000 - 0x0000000057b02000 	C:\Program Files\Android\Android Studio1\jre\jre\bin\msvcr100.dll
0x0000000057b10000 - 0x000000005835b000 	C:\Program Files\Android\Android Studio1\jre\jre\bin\server\jvm.dll
0x00007ffc58480000 - 0x00007ffc58489000 	C:\Windows\SYSTEM32\WSOCK32.dll
0x00007ffc589e0000 - 0x00007ffc589ff000 	C:\Windows\SYSTEM32\WINMM.dll
0x00007ffc5e2f0000 - 0x00007ffc5e2fa000 	C:\Windows\SYSTEM32\VERSION.dll
0x00007ffc62580000 - 0x00007ffc62587000 	C:\Windows\system32\PSAPI.DLL
0x00007ffc621a0000 - 0x00007ffc621f8000 	C:\Windows\system32\WS2_32.dll
0x00007ffc58990000 - 0x00007ffc589ba000 	C:\Windows\SYSTEM32\WINMMBASE.dll
0x00007ffc628e0000 - 0x00007ffc628e9000 	C:\Windows\system32\NSI.dll
0x00007ffc5fff0000 - 0x00007ffc6003a000 	C:\Windows\SYSTEM32\cfgmgr32.dll
0x00007ffc5eda0000 - 0x00007ffc5edc6000 	C:\Windows\SYSTEM32\DEVOBJ.dll
0x00007ffc5d6e0000 - 0x00007ffc5d6ef000 	C:\Program Files\Android\Android Studio1\jre\jre\bin\verify.dll
0x00007ffc56000000 - 0x00007ffc56029000 	C:\Program Files\Android\Android Studio1\jre\jre\bin\java.dll
0x00007ffc56e40000 - 0x00007ffc56e56000 	C:\Program Files\Android\Android Studio1\jre\jre\bin\zip.dll
0x00007ffc60760000 - 0x00007ffc61b80000 	C:\Windows\system32\SHELL32.dll
0x00007ffc61fa0000 - 0x00007ffc62176000 	C:\Windows\SYSTEM32\combase.dll
0x00007ffc623a0000 - 0x00007ffc623f1000 	C:\Windows\system32\SHLWAPI.dll
0x00007ffc5d5d0000 - 0x00007ffc5d66f000 	C:\Windows\SYSTEM32\SHCORE.dll
0x00007ffc5ff20000 - 0x00007ffc5ff34000 	C:\Windows\SYSTEM32\profapi.dll
0x00007ffc56b30000 - 0x00007ffc56b4a000 	C:\Program Files\Android\Android Studio1\jre\jre\bin\net.dll
0x00007ffc5f7e0000 - 0x00007ffc5f838000 	C:\Windows\system32\mswsock.dll
0x00007ffc56930000 - 0x00007ffc56943000 	C:\Program Files\Android\Android Studio1\jre\jre\bin\nio.dll
0x00007ffc50e60000 - 0x00007ffc50e86000 	C:\Users\AHMD\.gradle\native\31\windows-amd64\native-platform.dll
0x00007ffc58490000 - 0x00007ffc5849d000 	C:\Program Files\Android\Android Studio1\jre\jre\bin\management.dll
0x00007ffc5f840000 - 0x00007ffc5f85e000 	C:\Windows\SYSTEM32\CRYPTSP.dll
0x00007ffc5f420000 - 0x00007ffc5f455000 	C:\Windows\system32\rsaenh.dll
0x00007ffc5fb50000 - 0x00007ffc5fb76000 	C:\Windows\SYSTEM32\bcrypt.dll
0x00007ffc5f530000 - 0x00007ffc5f54e000 	C:\Windows\SYSTEM32\USERENV.dll
0x00007ffc5fe00000 - 0x00007ffc5fe60000 	C:\Windows\system32\bcryptprimitives.dll
0x00007ffc5fe60000 - 0x00007ffc5fe6a000 	C:\Windows\SYSTEM32\CRYPTBASE.dll
0x00007ffc5a760000 - 0x00007ffc5a789000 	C:\Windows\SYSTEM32\IPHLPAPI.DLL
0x00007ffc5a750000 - 0x00007ffc5a75a000 	C:\Windows\SYSTEM32\WINNSI.DLL
0x00007ffc59e40000 - 0x00007ffc59e54000 	C:\Windows\SYSTEM32\dhcpcsvc6.DLL
0x00007ffc5a040000 - 0x00007ffc5a059000 	C:\Windows\SYSTEM32\dhcpcsvc.DLL
0x00007ffc569a0000 - 0x00007ffc569c4000 	C:\Program Files\Android\Android Studio1\jre\jre\bin\sunec.dll
0x00007ffc5f590000 - 0x00007ffc5f633000 	C:\Windows\SYSTEM32\DNSAPI.dll
0x00007ffc575d0000 - 0x00007ffc575d9000 	C:\Windows\System32\rasadhlp.dll
0x00007ffc59eb0000 - 0x00007ffc59f18000 	C:\Windows\System32\fwpuclnt.dll
0x00007ffc56990000 - 0x00007ffc5699b000 	C:\Program Files\Android\Android Studio1\jre\jre\bin\sunmscapi.dll
0x00007ffc600f0000 - 0x00007ffc602c7000 	C:\Windows\system32\CRYPT32.dll
0x00007ffc5ffd0000 - 0x00007ffc5ffe2000 	C:\Windows\system32\MSASN1.dll
0x00007ffc59b40000 - 0x00007ffc59b70000 	C:\Windows\SYSTEM32\ntmarta.dll
0x00007ffc5eb30000 - 0x00007ffc5ebb8000 	C:\Windows\system32\apphelp.dll
0x00007ffc50ed0000 - 0x00007ffc50eee000 	C:\Users\AHMD\AppData\Local\Temp\native-platform7096722888198166987dir\native-platform.dll

VM Arguments:
jvm_args: -Xmx2048m -Dfile.encoding=windows-1252 -Duser.country=US -Duser.language=en -Duser.variant 
java_command: org.gradle.launcher.daemon.bootstrap.GradleDaemon 6.1.1
java_class_path (initial): C:\Users\AHMD\.gradle\wrapper\dists\gradle-6.1.1-all\cfmwm155h49vnt3hynmlrsdst\gradle-6.1.1\lib\gradle-launcher-6.1.1.jar
Launcher Type: SUN_STANDARD

Environment Variables:
JAVA_HOME=C:\Program Files\Java\jdk-13.0.1
PATH=C:\Windows\system32;C:\Windows;C:\Windows\System32\Wbem;C:\Windows\System32\WindowsPowerShell\v1.0\;C:\xampp\php;C:\ProgramData\ComposerSetup\bin;C:\xampp\mysql\bin;C:\Program Files\Git\cmd;C:\Users\AHMD\AppData\Roaming\Composer\vendor\bin;;C:\xampp\mysql\bin;C:\Users\AHMD\AppData\Local\Android\Sdk\platform-tools;C:\Windows\openssl-0.9.8k_X64\bin
USERNAME=AHMD
OS=Windows_NT
PROCESSOR_IDENTIFIER=Intel64 Family 6 Model 69 Stepping 1, GenuineIntel



---------------  S Y S T E M  ---------------

OS: Windows 8.1 , 64 bit Build 9600 (6.3.9600.17056)

CPU:total 4 (initial active 4) (2 cores per cpu, 2 threads per core) family 6 model 69 stepping 1, cmov, cx8, fxsr, mmx, sse, sse2, sse3, ssse3, sse4.1, sse4.2, popcnt, avx, avx2, aes, clmul, erms, lzcnt, ht, tsc, tscinvbit, bmi1, bmi2

Memory: 4k page, physical 8274284k(940940k free), swap 11420012k(5740k free)

vm_info: OpenJDK 64-Bit Server VM (25.242-b01) for windows-amd64 JRE (1.8.0_242-release-1644-b01), built by "builder" with MS VC++ 10.0 (VS2010)

time: Tue Dec 15 03:55:21 2020
timezone: Egypt Standard Time
elapsed time: 1689 seconds (0d 0h 28m 9s)

